14:56:45 **** Incremental Build of configuration Debug for project multilevel_inheritance ****
make all 
Building target: multilevel_inheritance
Invoking: GCC C++ Linker
g++  -o "multilevel_inheritance"  ./multilevel_inheritance.o   
/usr/bin/ld: /usr/lib/gcc/x86_64-linux-gnu/9/../../../x86_64-linux-gnu/Scrt1.o: in function `_start':
(.text+0x24): undefined reference to `main'
collect2: error: ld returned 1 exit status
make: *** [makefile:57: multilevel_inheritance] Error 1
"make all" terminated with exit code 2. Build might be incomplete.

14:56:45 Build Failed. 3 errors, 0 warnings. (took 212ms)

