13:18:06 **** Build of configuration Debug for project p16 ****
make all 
Building file: ../p16.cpp
Invoking: GCC C++ Compiler
g++ -O0 -g3 -Wall -c -fmessage-length=0 -MMD -MP -MF"p16.d" -MT"p16.o" -o "p16.o" "../p16.cpp"
Finished building: ../p16.cpp
 
Building target: p16
Invoking: GCC C++ Linker
g++  -o "p16"  ./p16.o   
/usr/bin/ld: /usr/lib/gcc/x86_64-linux-gnu/9/../../../x86_64-linux-gnu/Scrt1.o: in function `_start':
(.text+0x24): undefined reference to `main'
collect2: error: ld returned 1 exit status
make: *** [makefile:57: p16] Error 1
"make all" terminated with exit code 2. Build might be incomplete.

13:18:07 Build Failed. 3 errors, 0 warnings. (took 486ms)

